This is pdfTeX, Version 3.1415926-2.3-1.40.12 (TeX Live 2011) (format=pdflatex 2011.7.3)  15 FEB 2012 20:32
entering extended mode
 restricted \write18 enabled.
 %&-line parsing enabled.
**\input cover_letter.tex
(./cover_letter.tex
(/usr/local/texlive/2011/texmf-dist/tex/latex/koma-script/scrlttr2.cls
Document Class: scrlttr2 2011/04/02 v3.09 KOMA-Script document class (letter)
(/usr/local/texlive/2011/texmf-dist/tex/latex/koma-script/scrkbase.sty
Package: scrkbase 2011/04/02 v3.09 KOMA-Script package (KOMA-Script-dependent b
asics and keyval usage)

(/usr/local/texlive/2011/texmf-dist/tex/latex/koma-script/scrbase.sty
Package: scrbase 2011/04/02 v3.09 KOMA-Script package (KOMA-Script-independent 
basics and keyval usage)

(/usr/local/texlive/2011/texmf-dist/tex/latex/graphics/keyval.sty
Package: keyval 1999/03/16 v1.13 key=value parser (DPC)
\KV@toks@=\toks14
)
(/usr/local/texlive/2011/texmf-dist/tex/latex/koma-script/scrlfile.sty
Package: scrlfile 2011/03/09 v3.09 KOMA-Script package (loading files)

Package scrlfile, 2011/03/09 v3.09 KOMA-Script package (loading files)
                  Copyright (C) Markus Kohm

)))
Class scrlttr2 Info: File `scrsize12pt.clo' used instead of
(scrlttr2)           file `scrsize12.clo' to setup font sizes on input line 116
7.
 (/usr/local/texlive/2011/texmf-dist/tex/latex/koma-script/scrsize12pt.clo
File: scrsize12pt.clo 2011/04/02 v3.09 KOMA-Script font size class option (12pt
)
)
(/usr/local/texlive/2011/texmf-dist/tex/latex/koma-script/typearea.sty
Package: typearea 2011/04/02 v3.09 KOMA-Script package (type area)

Package typearea, 2011/04/02 v3.09 KOMA-Script package (type area)
                  Copyright (C) Frank Neukam, 1992-1994
                  Copyright (C) Markus Kohm, 1994-

\ta@bcor=\skip41
\ta@div=\count79
\ta@hblk=\skip42
\ta@vblk=\skip43
\ta@temp=\skip44
Package typearea Info: These are the values describing the layout:
(typearea)             DIV  = 12
(typearea)             BCOR = 0.0pt
(typearea)             \paperwidth      = 597.50793pt
(typearea)              \textwidth      = 448.13095pt
(typearea)              DIV departure   = -6%
(typearea)              \evensidemargin = 2.4185pt
(typearea)              \oddsidemargin  = 2.4185pt
(typearea)             \paperheight     = 845.04694pt
(typearea)              \textheight     = 635.5pt
(typearea)              \topmargin      = -41.72441pt
(typearea)              \headheight     = 18.125pt
(typearea)              \headsep        = 21.75pt
(typearea)              \topskip        = 12.0pt
(typearea)              \footskip       = 50.75pt
(typearea)              \baselineskip   = 14.5pt
(typearea)              on input line 1138.
))
Class scrlttr2 Info: Letter-Class-Option `DIN' loaded on input line 2.
 (/usr/local/texlive/2011/texmf-dist/tex/latex/koma-script/DIN.lco
File: DIN.lco 2011/04/02 v3.09 KOMA-Script letter-class-option
)
(/usr/local/texlive/2011/texmf-dist/tex/latex/graphics/graphicx.sty
Package: graphicx 1999/02/16 v1.0f Enhanced LaTeX Graphics (DPC,SPQR)

(/usr/local/texlive/2011/texmf-dist/tex/latex/graphics/graphics.sty
Package: graphics 2009/02/05 v1.0o Standard LaTeX Graphics (DPC,SPQR)

(/usr/local/texlive/2011/texmf-dist/tex/latex/graphics/trig.sty
Package: trig 1999/03/16 v1.09 sin cos tan (DPC)
)
(/usr/local/texlive/2011/texmf-dist/tex/latex/latexconfig/graphics.cfg
File: graphics.cfg 2010/04/23 v1.9 graphics configuration of TeX Live
)
Package graphics Info: Driver file: pdftex.def on input line 91.

(/usr/local/texlive/2011/texmf-dist/tex/latex/pdftex-def/pdftex.def
File: pdftex.def 2011/05/27 v0.06d Graphics/color for pdfTeX

(/usr/local/texlive/2011/texmf-dist/tex/generic/oberdiek/infwarerr.sty
Package: infwarerr 2010/04/08 v1.3 Providing info/warning/message (HO)
)
(/usr/local/texlive/2011/texmf-dist/tex/generic/oberdiek/ltxcmds.sty
Package: ltxcmds 2011/04/18 v1.20 LaTeX kernel commands for general use (HO)
)
\Gread@gobject=\count80
))
\Gin@req@height=\dimen102
\Gin@req@width=\dimen103
)
(/usr/local/texlive/2011/texmf-dist/tex/generic/babel/babel.sty
Package: babel 2008/07/06 v3.8l The Babel package

(/usr/local/texlive/2011/texmf-dist/tex/generic/babel/english.ldf
Language: english 2005/03/30 v3.3o English support from the babel system

(/usr/local/texlive/2011/texmf-dist/tex/generic/babel/babel.def
File: babel.def 2008/07/06 v3.8l Babel common definitions
\babel@savecnt=\count81
\U@D=\dimen104
)
\l@canadian = a dialect from \language\l@american 
\l@australian = a dialect from \language\l@british 
\l@newzealand = a dialect from \language\l@british 
))
(./cover_letter.aux)
\openout1 = `cover_letter.aux'.

LaTeX Font Info:    Checking defaults for OML/cmm/m/it on input line 18.
LaTeX Font Info:    ... okay on input line 18.
LaTeX Font Info:    Checking defaults for T1/cmr/m/n on input line 18.
LaTeX Font Info:    ... okay on input line 18.
LaTeX Font Info:    Checking defaults for OT1/cmr/m/n on input line 18.
LaTeX Font Info:    ... okay on input line 18.
LaTeX Font Info:    Checking defaults for OMS/cmsy/m/n on input line 18.
LaTeX Font Info:    ... okay on input line 18.
LaTeX Font Info:    Checking defaults for OMX/cmex/m/n on input line 18.
LaTeX Font Info:    ... okay on input line 18.
LaTeX Font Info:    Checking defaults for U/cmr/m/n on input line 18.
LaTeX Font Info:    ... okay on input line 18.
Package scrbase Info: `\ccname' at language `english' already defined
(scrbase)             --> skipped on input line 18.
Package scrbase Info: `\enclname' at language `english' already defined
(scrbase)             --> skipped on input line 18.
Package scrbase Info: `\headtoname' at language `english' already defined
(scrbase)             --> skipped on input line 18.
Package scrbase Info: `\pagename' at language `english' already defined
(scrbase)             --> skipped on input line 18.
Package scrbase Info: No captions found for `USenglish'
(scrbase)             --> skipped on input line 18.
Class scrlttr2 Info: no date found for language `USenglish'
(scrlttr2)           --> skipped on input line 18.
Package scrbase Info: No captions found for `american'
(scrbase)             --> skipped on input line 18.
Class scrlttr2 Info: no date found for language `american'
(scrlttr2)           --> skipped on input line 18.
Package scrbase Info: No captions found for `british'
(scrbase)             --> skipped on input line 18.
Class scrlttr2 Info: no date found for language `british'
(scrlttr2)           --> skipped on input line 18.
Package scrbase Info: No captions found for `UKenglish'
(scrbase)             --> skipped on input line 18.
Class scrlttr2 Info: no date found for language `UKenglish'
(scrlttr2)           --> skipped on input line 18.
Package scrbase Info: No captions found for `german'
(scrbase)             --> skipped on input line 18.
Class scrlttr2 Info: no date found for language `german'
(scrlttr2)           --> skipped on input line 18.
Package scrbase Info: No captions found for `ngerman'
(scrbase)             --> skipped on input line 18.
Class scrlttr2 Info: no date found for language `ngerman'
(scrlttr2)           --> skipped on input line 18.
Package scrbase Info: No captions found for `austrian'
(scrbase)             --> skipped on input line 18.
Class scrlttr2 Info: no date found for language `austrian'
(scrlttr2)           --> skipped on input line 18.
Package scrbase Info: No captions found for `naustrian'
(scrbase)             --> skipped on input line 18.
Class scrlttr2 Info: no date found for language `naustrian'
(scrlttr2)           --> skipped on input line 18.
Package scrbase Info: No captions found for `french'
(scrbase)             --> skipped on input line 18.
Class scrlttr2 Info: no date found for language `french'
(scrlttr2)           --> skipped on input line 18.
Package scrbase Info: No captions found for `italian'
(scrbase)             --> skipped on input line 18.
Class scrlttr2 Info: no date found for language `italian'
(scrlttr2)           --> skipped on input line 18.
Package scrbase Info: No captions found for `spanish'
(scrbase)             --> skipped on input line 18.
Class scrlttr2 Info: no date found for language `spanish'
(scrlttr2)           --> skipped on input line 18.
Package scrbase Info: No captions found for `croatian'
(scrbase)             --> skipped on input line 18.
Class scrlttr2 Info: no date found for language `croatian'
(scrlttr2)           --> skipped on input line 18.
Package scrbase Info: No captions found for `dutch'
(scrbase)             --> skipped on input line 18.
Class scrlttr2 Info: no date found for language `dutch'
(scrlttr2)           --> skipped on input line 18.
Package scrbase Info: No captions found for `finnish'
(scrbase)             --> skipped on input line 18.
Class scrlttr2 Info: no date found for language `finnish'
(scrlttr2)           --> skipped on input line 18.
Package scrbase Info: No captions found for `norsk'
(scrbase)             --> skipped on input line 18.
Class scrlttr2 Info: no date found for language `norsk'
(scrlttr2)           --> skipped on input line 18.
Package scrbase Info: No captions found for `swedish'
(scrbase)             --> skipped on input line 18.
Class scrlttr2 Info: no date found for language `swedish'
(scrlttr2)           --> skipped on input line 18.
Class scrlttr2 Info: used language is `english'.
(scrlttr2)           Supported languages are `english', `UKenglish',
(scrlttr2)           `british', `american', `USenglish',
(scrlttr2)           `german', `ngerman', `austrian', `naustrian',
(scrlttr2)           `dutch', `italian', `spanish',
(scrlttr2)           `croatian', `finnish', `norsk' on input line 18.

(/usr/local/texlive/2011/texmf-dist/tex/context/base/supp-pdf.mkii
[Loading MPS to PDF converter (version 2006.09.02).]
\scratchcounter=\count82
\scratchdimen=\dimen105
\scratchbox=\box26
\nofMPsegments=\count83
\nofMParguments=\count84
\everyMPshowfont=\toks15
\MPscratchCnt=\count85
\MPscratchDim=\dimen106
\MPnumerator=\count86
\makeMPintoPDFobject=\count87
\everyMPtoPDFconversion=\toks16
) (/usr/local/texlive/2011/texmf-dist/tex/generic/oberdiek/pdftexcmds.sty
Package: pdftexcmds 2011/04/22 v0.16 Utilities of pdfTeX for LuaTeX (HO)

(/usr/local/texlive/2011/texmf-dist/tex/generic/oberdiek/ifluatex.sty
Package: ifluatex 2010/03/01 v1.3 Provides the ifluatex switch (HO)
Package ifluatex Info: LuaTeX not detected.
)
(/usr/local/texlive/2011/texmf-dist/tex/generic/oberdiek/ifpdf.sty
Package: ifpdf 2011/01/30 v2.3 Provides the ifpdf switch (HO)
Package ifpdf Info: pdfTeX in PDF mode is detected.
)
Package pdftexcmds Info: LuaTeX not detected.
Package pdftexcmds Info: \pdf@primitive is available.
Package pdftexcmds Info: \pdf@ifprimitive is available.
Package pdftexcmds Info: \pdfdraftmode found.
)
(/usr/local/texlive/2011/texmf-dist/tex/latex/oberdiek/epstopdf-base.sty
Package: epstopdf-base 2010/02/09 v2.5 Base part for package epstopdf

(/usr/local/texlive/2011/texmf-dist/tex/latex/oberdiek/grfext.sty
Package: grfext 2010/08/19 v1.1 Managing graphics extensions (HO)

(/usr/local/texlive/2011/texmf-dist/tex/generic/oberdiek/kvdefinekeys.sty
Package: kvdefinekeys 2011/04/07 v1.3 Defining keys (HO)
))
(/usr/local/texlive/2011/texmf-dist/tex/latex/oberdiek/kvoptions.sty
Package: kvoptions 2010/12/23 v3.10 Keyval support for LaTeX options (HO)

(/usr/local/texlive/2011/texmf-dist/tex/generic/oberdiek/kvsetkeys.sty
Package: kvsetkeys 2011/04/07 v1.13 Key value parser (HO)

(/usr/local/texlive/2011/texmf-dist/tex/generic/oberdiek/etexcmds.sty
Package: etexcmds 2011/02/16 v1.5 Prefix for e-TeX command names (HO)
Package etexcmds Info: Could not find \expanded.
(etexcmds)             That can mean that you are not using pdfTeX 1.50 or
(etexcmds)             that some package has redefined \expanded.
(etexcmds)             In the latter case, load this package earlier.
)))
Package grfext Info: Graphics extension search list:
(grfext)             [.png,.pdf,.jpg,.mps,.jpeg,.jbig2,.jb2,.PNG,.PDF,.JPG,.JPE
G,.JBIG2,.JB2,.eps]
(grfext)             \AppendGraphicsExtensions on input line 452.

(/usr/local/texlive/2011/texmf-dist/tex/latex/latexconfig/epstopdf-sys.cfg
File: epstopdf-sys.cfg 2010/07/13 v1.3 Configuration of (r)epstopdf for TeX Liv
e
))
Foldmarks: no
Head of first page
Foot of first page
Address (addressee)
Location field: empty
Title: no

Underfull \hbox (badness 10000) in paragraph at lines 32--35

 []


</Users/rwpinder/Documents/Applications/signature.pdf, id=1, 200.75pt x 100.375
pt>
File: /Users/rwpinder/Documents/Applications/signature.pdf Graphic file (type p
df)
 <use /Users/rwpinder/Documents/Applications/signature.pdf>
Package pdftex.def Info: /Users/rwpinder/Documents/Applications/signature.pdf u
sed on input line 40.
(pdftex.def)             Requested size: 140.52403pt x 70.26201pt.

Underfull \hbox (badness 10000) in paragraph at lines 42--44

 []

[1

{/usr/local/texlive/2011/texmf-var/fonts/map/pdftex/updmap/pdftex.map} </Users/
rwpinder/Documents/Applications/signature.pdf>] (./cover_letter.aux) ) 
Here is how much of TeX's memory you used:
 2723 strings out of 493633
 42313 string characters out of 3143378
 135804 words of memory out of 3000000
 6012 multiletter control sequences out of 15000+200000
 4245 words of font info for 16 fonts, out of 3000000 for 9000
 831 hyphenation exceptions out of 8191
 47i,6n,47p,258b,159s stack positions out of 5000i,500n,10000p,200000b,50000s
</usr/loc
al/texlive/2011/texmf-dist/fonts/type1/public/amsfonts/cm/cmbx12.pfb></usr/loca
l/texlive/2011/texmf-dist/fonts/type1/public/amsfonts/cm/cmr12.pfb>
Output written on cover_letter.pdf (1 page, 33830 bytes).
PDF statistics:
 24 PDF objects out of 1000 (max. 8388607)
 15 compressed objects within 1 object stream
 0 named destinations out of 1000 (max. 500000)
 6 words of extra memory for PDF output out of 10000 (max. 10000000)

